<?xml version="1.0" encoding="UTF-8"?>
<testng-results skipped="0" failed="0" total="2" passed="2">
  <reporter-output>
  </reporter-output>
  <suite name="Default Suite" duration-ms="48" started-at="2019-05-15T11:09:04Z" finished-at="2019-05-15T11:09:04Z">
    <groups>
    </groups>
    <test name="SeleniumDemo" duration-ms="48" started-at="2019-05-15T11:09:04Z" finished-at="2019-05-15T11:09:04Z">
      <class name="com.meyoung.day01.TestNGDemo1">
        <test-method status="PASS" signature="beforeTest01()[pri:0, instance:com.meyoung.day01.TestNGDemo1@2d554825]" name="beforeTest01" is-config="true" duration-ms="29" started-at="2019-05-15T19:09:04Z" finished-at="2019-05-15T19:09:04Z">
          <reporter-output>
          </reporter-output>
        </test-method> <!-- beforeTest01 -->
        <test-method status="PASS" signature="beforeMethod()[pri:0, instance:com.meyoung.day01.TestNGDemo1@2d554825]" name="beforeMethod" is-config="true" duration-ms="0" started-at="2019-05-15T19:09:04Z" finished-at="2019-05-15T19:09:04Z">
          <reporter-output>
          </reporter-output>
        </test-method> <!-- beforeMethod -->
        <test-method status="PASS" signature="testCase1()[pri:0, instance:com.meyoung.day01.TestNGDemo1@2d554825]" name="testCase1" duration-ms="1" started-at="2019-05-15T19:09:04Z" finished-at="2019-05-15T19:09:04Z">
          <reporter-output>
          </reporter-output>
        </test-method> <!-- testCase1 -->
        <test-method status="PASS" signature="AfterMethod01()[pri:0, instance:com.meyoung.day01.TestNGDemo1@2d554825]" name="AfterMethod01" is-config="true" duration-ms="0" started-at="2019-05-15T19:09:04Z" finished-at="2019-05-15T19:09:04Z">
          <reporter-output>
          </reporter-output>
        </test-method> <!-- AfterMethod01 -->
        <test-method status="PASS" signature="beforeMethod()[pri:0, instance:com.meyoung.day01.TestNGDemo1@2d554825]" name="beforeMethod" is-config="true" duration-ms="1" started-at="2019-05-15T19:09:04Z" finished-at="2019-05-15T19:09:04Z">
          <reporter-output>
          </reporter-output>
        </test-method> <!-- beforeMethod -->
        <test-method status="PASS" signature="testCase2()[pri:0, instance:com.meyoung.day01.TestNGDemo1@2d554825]" name="testCase2" duration-ms="0" started-at="2019-05-15T19:09:04Z" finished-at="2019-05-15T19:09:04Z">
          <reporter-output>
          </reporter-output>
        </test-method> <!-- testCase2 -->
        <test-method status="PASS" signature="AfterMethod01()[pri:0, instance:com.meyoung.day01.TestNGDemo1@2d554825]" name="AfterMethod01" is-config="true" duration-ms="2" started-at="2019-05-15T19:09:04Z" finished-at="2019-05-15T19:09:04Z">
          <reporter-output>
          </reporter-output>
        </test-method> <!-- AfterMethod01 -->
        <test-method status="PASS" signature="AfterTest01()[pri:0, instance:com.meyoung.day01.TestNGDemo1@2d554825]" name="AfterTest01" is-config="true" duration-ms="0" started-at="2019-05-15T19:09:04Z" finished-at="2019-05-15T19:09:04Z">
          <reporter-output>
          </reporter-output>
        </test-method> <!-- AfterTest01 -->
      </class> <!-- com.meyoung.day01.TestNGDemo1 -->
    </test> <!-- SeleniumDemo -->
  </suite> <!-- Default Suite -->
</testng-results>
